\BOOKMARK [0][-]{dummy.1}{\376\377\000D\000e\000c\000l\000a\000r\000a\000t\000i\000o\000n\000\040\000o\000f\000\040\000A\000u\000t\000h\000o\000r\000s\000h\000i\000p}{}% 1
\BOOKMARK [0][-]{dummy.2}{\376\377\000A\000b\000s\000t\000r\000a\000c\000t}{}% 2
\BOOKMARK [0][-]{dummy.3}{\376\377\000A\000c\000k\000n\000o\000w\000l\000e\000d\000g\000e\000m\000e\000n\000t\000s}{}% 3
\BOOKMARK [0][-]{dummy.5}{\376\377\000L\000i\000s\000t\000\040\000o\000f\000\040\000F\000i\000g\000u\000r\000e\000s}{}% 4
\BOOKMARK [0][-]{dummy.7}{\376\377\000L\000i\000s\000t\000\040\000o\000f\000\040\000T\000a\000b\000l\000e\000s}{}% 5
\BOOKMARK [0][-]{dummy.9}{\376\377\000A\000b\000b\000r\000e\000v\000i\000a\000t\000i\000o\000n\000s}{}% 6
\BOOKMARK [0][-]{dummy.12}{\376\377\000P\000h\000y\000s\000i\000c\000a\000l\000\040\000C\000o\000n\000s\000t\000a\000n\000t\000s}{}% 7
\BOOKMARK [0][-]{dummy.15}{\376\377\000S\000y\000m\000b\000o\000l\000s}{}% 8
\BOOKMARK [0][-]{chapter.18}{\376\377\0001\000\040\000I\000n\000t\000r\000o\000d\000u\000c\000t\000i\000o\000n}{}% 9
\BOOKMARK [1][-]{section.19}{\376\377\0001\000.\0001\000\040\000O\000b\000j\000e\000c\000t\000i\000v\000e\000s\000\040\000o\000f\000\040\000t\000h\000e\000\040\000t\000h\000e\000s\000i\000s}{chapter.18}% 10
\BOOKMARK [1][-]{section.20}{\376\377\0001\000.\0002\000\040\000T\000h\000e\000s\000i\000s\000\040\000s\000t\000r\000u\000c\000t\000u\000r\000e}{chapter.18}% 11
\BOOKMARK [0][-]{chapter.21}{\376\377\0002\000\040\000G\000G\000M\000s}{}% 12
\BOOKMARK [0][-]{chapter.22}{\376\377\0003\000\040\000I\000n\000p\000u\000t\000\040\000D\000a\000t\000a}{}% 13
\BOOKMARK [0][-]{chapter.23}{\376\377\0004\000\040\000G\000e\000o\000i\000d\000\040\000H\000e\000i\000g\000h\000t\000\040\000C\000o\000m\000p\000u\000t\000a\000t\000i\000o\000n}{}% 14
\BOOKMARK [1][-]{section.24}{\376\377\0004\000.\0001\000\040\000H\000i\000s\000t\000o\000r\000i\000c\000a\000l\000\040\000B\000a\000c\000k\000g\000r\000o\000u\000n\000d\000\040\000a\000b\000o\000u\000t\000\040\000G\000e\000o\000i\000d\000\040\000C\000o\000m\000p\000u\000t\000a\000t\000i\000o\000n\000s\000\040\000i\000n\000\040\000S\000u\000d\000a\000n}{chapter.23}% 15
\BOOKMARK [1][-]{section.25}{\376\377\0004\000.\0002\000\040\000C\000o\000m\000p\000u\000t\000i\000n\000g\000\040\000t\000h\000e\000\040\000G\000e\000o\000i\000d}{chapter.23}% 16
\BOOKMARK [2][-]{subsection.26}{\376\377\0004\000.\0002\000.\0001\000\040\000W\000o\000r\000k\000i\000n\000g\000\040\000w\000i\000t\000h\000\040\000G\000G\000M\000s\000\040\000d\000a\000t\000a}{section.25}% 17
\BOOKMARK [3][-]{subsubsection.27}{\376\377\0004\000.\0002\000.\0001\000.\0001\000\040\000P\000a\000r\000s\000i\000n\000g\000\040\000t\000h\000e\000\040\000d\000a\000t\000a}{subsection.26}% 18
\BOOKMARK [4][-]{section*.28}{\376\377\000M\000o\000d\000e\000l\000'\000s\000\040\000s\000u\000m\000m\000a\000r\000y}{subsubsection.27}% 19
\BOOKMARK [4][-]{section*.29}{\376\377\000T\000h\000e\000\040\000h\000e\000a\000d\000e\000r}{subsubsection.27}% 20
\BOOKMARK [1][-]{section.43}{\376\377\0004\000.\0003\000\040\000A\000s\000s\000o\000c\000i\000a\000t\000e\000d\000\040\000L\000e\000g\000e\000n\000d\000r\000e\000\040\000F\000u\000n\000c\000t\000i\000o\000n}{chapter.23}% 21
\BOOKMARK [2][-]{subsection.44}{\376\377\0004\000.\0003\000.\0001\000\040\000O\000t\000h\000e\000r\000\040\000W\000o\000r\000k\000s}{section.43}% 22
\BOOKMARK [0][-]{appendix.45}{\376\377\000A\000\040\000A\000n\000\040\000A\000p\000p\000e\000n\000d\000i\000x}{}% 23
\BOOKMARK [0][-]{dummy.46}{\376\377\000B\000i\000b\000l\000i\000o\000g\000r\000a\000p\000h\000y}{}% 24
